[debug] [2020-06-09T10:28:29.667Z] ----------------------------------------------------------------------
[debug] [2020-06-09T10:28:29.682Z] Command:       C:\Program Files\nodejs\node.exe C:\Users\user\AppData\Roaming\npm\node_modules\firebase-tools\lib\bin\firebase.js login
[debug] [2020-06-09T10:28:29.683Z] CLI Version:   8.2.0
[debug] [2020-06-09T10:28:29.684Z] Platform:      win32
[debug] [2020-06-09T10:28:29.684Z] Node Version:  v14.2.0
[debug] [2020-06-09T10:28:29.790Z] Time:          Tue Jun 09 2020 15:58:29 GMT+0530 (India Standard Time)
[debug] [2020-06-09T10:28:29.790Z] ----------------------------------------------------------------------
[debug] [2020-06-09T10:28:29.791Z] 
[info] i  Firebase optionally collects CLI usage and error reporting information to help improve our products. Data is collected in accordance with Google's privacy policy (https://policies.google.com/privacy) and is not used to identify you.

[info] i  To change your data collection preference at any time, run `firebase logout` and log in again.
[info] 
[info] Visit this URL on this device to log in:
[info] https://accounts.google.com/o/oauth2/auth?client_id=563584335869-fgrhgmd47bqnekij5i8b5pr03ho849e6.apps.googleusercontent.com&scope=email%20openid%20https%3A%2F%2Fwww.googleapis.com%2Fauth%2Fcloudplatformprojects.readonly%20https%3A%2F%2Fwww.googleapis.com%2Fauth%2Ffirebase%20https%3A%2F%2Fwww.googleapis.com%2Fauth%2Fcloud-platform&response_type=code&state=567397531&redirect_uri=http%3A%2F%2Flocalhost%3A9005
[info] 
[info] Waiting for authentication...
[debug] [2020-06-09T10:28:38.294Z] Error: spawn cmd ENOENT
    at Process.ChildProcess._handle.onexit (internal/child_process.js:268:19)
    at onErrorNT (internal/child_process.js:468:16)
    at processTicksAndRejections (internal/process/task_queues.js:84:21)
[error] 
[error] Error: An unexpected error has occurred.
[debug] [2020-06-09T10:34:34.835Z] ----------------------------------------------------------------------
[debug] [2020-06-09T10:34:34.882Z] Command:       C:\Program Files\nodejs\node.exe C:\Users\user\AppData\Roaming\npm\node_modules\firebase-tools\lib\bin\firebase.js login
[debug] [2020-06-09T10:34:34.885Z] CLI Version:   8.2.0
[debug] [2020-06-09T10:34:34.885Z] Platform:      win32
[debug] [2020-06-09T10:34:34.886Z] Node Version:  v14.2.0
[debug] [2020-06-09T10:34:35.026Z] Time:          Tue Jun 09 2020 16:04:34 GMT+0530 (India Standard Time)
[debug] [2020-06-09T10:34:35.027Z] ----------------------------------------------------------------------
[debug] [2020-06-09T10:34:35.028Z] 
[info] i  Firebase optionally collects CLI usage and error reporting information to help improve our products. Data is collected in accordance with Google's privacy policy (https://policies.google.com/privacy) and is not used to identify you.

[info] i  To change your data collection preference at any time, run `firebase logout` and log in again.
[info] 
[info] Visit this URL on this device to log in:
[info] https://accounts.google.com/o/oauth2/auth?client_id=563584335869-fgrhgmd47bqnekij5i8b5pr03ho849e6.apps.googleusercontent.com&scope=email%20openid%20https%3A%2F%2Fwww.googleapis.com%2Fauth%2Fcloudplatformprojects.readonly%20https%3A%2F%2Fwww.googleapis.com%2Fauth%2Ffirebase%20https%3A%2F%2Fwww.googleapis.com%2Fauth%2Fcloud-platform&response_type=code&state=172195219&redirect_uri=http%3A%2F%2Flocalhost%3A9005
[info] 
[info] Waiting for authentication...
[debug] [2020-06-09T10:34:41.602Z] Error: spawn cmd ENOENT
    at Process.ChildProcess._handle.onexit (internal/child_process.js:268:19)
    at onErrorNT (internal/child_process.js:468:16)
    at processTicksAndRejections (internal/process/task_queues.js:84:21)
[error] 
[error] Error: An unexpected error has occurred.
[debug] [2020-06-09T10:34:56.511Z] ----------------------------------------------------------------------
[debug] [2020-06-09T10:34:56.513Z] Command:       C:\Program Files\nodejs\node.exe C:\Users\user\AppData\Roaming\npm\node_modules\firebase-tools\lib\bin\firebase.js login
[debug] [2020-06-09T10:34:56.514Z] CLI Version:   8.2.0
[debug] [2020-06-09T10:34:56.514Z] Platform:      win32
[debug] [2020-06-09T10:34:56.514Z] Node Version:  v14.2.0
[debug] [2020-06-09T10:34:56.515Z] Time:          Tue Jun 09 2020 16:04:56 GMT+0530 (India Standard Time)
[debug] [2020-06-09T10:34:56.516Z] ----------------------------------------------------------------------
[debug] [2020-06-09T10:34:56.516Z] 
[info] i  Firebase optionally collects CLI usage and error reporting information to help improve our products. Data is collected in accordance with Google's privacy policy (https://policies.google.com/privacy) and is not used to identify you.

[info] i  To change your data collection preference at any time, run `firebase logout` and log in again.
[info] 
[info] Visit this URL on this device to log in:
[info] https://accounts.google.com/o/oauth2/auth?client_id=563584335869-fgrhgmd47bqnekij5i8b5pr03ho849e6.apps.googleusercontent.com&scope=email%20openid%20https%3A%2F%2Fwww.googleapis.com%2Fauth%2Fcloudplatformprojects.readonly%20https%3A%2F%2Fwww.googleapis.com%2Fauth%2Ffirebase%20https%3A%2F%2Fwww.googleapis.com%2Fauth%2Fcloud-platform&response_type=code&state=14326087&redirect_uri=http%3A%2F%2Flocalhost%3A9005
[info] 
[info] Waiting for authentication...
[debug] [2020-06-09T10:36:06.042Z] Error: spawn cmd ENOENT
    at Process.ChildProcess._handle.onexit (internal/child_process.js:268:19)
    at onErrorNT (internal/child_process.js:468:16)
    at processTicksAndRejections (internal/process/task_queues.js:84:21)
[error] 
[error] Error: An unexpected error has occurred.
[debug] [2020-06-09T10:41:10.579Z] ----------------------------------------------------------------------
[debug] [2020-06-09T10:41:10.582Z] Command:       C:\Program Files\nodejs\node.exe C:\Users\user\AppData\Roaming\npm\node_modules\firebase-tools\lib\bin\firebase.js login
[debug] [2020-06-09T10:41:10.582Z] CLI Version:   8.4.2
[debug] [2020-06-09T10:41:10.582Z] Platform:      win32
[debug] [2020-06-09T10:41:10.583Z] Node Version:  v14.2.0
[debug] [2020-06-09T10:41:10.584Z] Time:          Tue Jun 09 2020 16:11:10 GMT+0530 (India Standard Time)
[debug] [2020-06-09T10:41:10.584Z] ----------------------------------------------------------------------
[debug] [2020-06-09T10:41:10.584Z] 
[info] i  Firebase optionally collects CLI usage and error reporting information to help improve our products. Data is collected in accordance with Google's privacy policy (https://policies.google.com/privacy) and is not used to identify you.
 
[info] i  To change your data collection preference at any time, run `firebase logout` and log in again. 
[info] 
[info] Visit this URL on this device to log in:
[info] https://accounts.google.com/o/oauth2/auth?client_id=563584335869-fgrhgmd47bqnekij5i8b5pr03ho849e6.apps.googleusercontent.com&scope=email%20openid%20https%3A%2F%2Fwww.googleapis.com%2Fauth%2Fcloudplatformprojects.readonly%20https%3A%2F%2Fwww.googleapis.com%2Fauth%2Ffirebase%20https%3A%2F%2Fwww.googleapis.com%2Fauth%2Fcloud-platform&response_type=code&state=118195221&redirect_uri=http%3A%2F%2Flocalhost%3A9005
[info] 
[info] Waiting for authentication...
[debug] [2020-06-09T10:41:33.064Z] Error: spawn cmd ENOENT
    at Process.ChildProcess._handle.onexit (internal/child_process.js:268:19)
    at onErrorNT (internal/child_process.js:468:16)
    at processTicksAndRejections (internal/process/task_queues.js:84:21)
[error] 
[error] Error: An unexpected error has occurred.
[debug] [2020-06-11T10:22:27.181Z] ----------------------------------------------------------------------
[debug] [2020-06-11T10:22:27.184Z] Command:       C:\Program Files\nodejs\node.exe C:\Users\user\AppData\Roaming\npm\node_modules\firebase-tools\lib\bin\firebase.js login
[debug] [2020-06-11T10:22:27.185Z] CLI Version:   8.4.2
[debug] [2020-06-11T10:22:27.185Z] Platform:      win32
[debug] [2020-06-11T10:22:27.185Z] Node Version:  v14.2.0
[debug] [2020-06-11T10:22:27.733Z] Time:          Thu Jun 11 2020 15:52:27 GMT+0530 (India Standard Time)
[debug] [2020-06-11T10:22:27.734Z] ----------------------------------------------------------------------
[debug] [2020-06-11T10:22:27.734Z] 
[info] i  Firebase optionally collects CLI usage and error reporting information to help improve our products. Data is collected in accordance with Google's privacy policy (https://policies.google.com/privacy) and is not used to identify you.
 
[info] i  To change your data collection preference at any time, run `firebase logout` and log in again. 
[info] 
[info] Visit this URL on this device to log in:
[info] https://accounts.google.com/o/oauth2/auth?client_id=563584335869-fgrhgmd47bqnekij5i8b5pr03ho849e6.apps.googleusercontent.com&scope=email%20openid%20https%3A%2F%2Fwww.googleapis.com%2Fauth%2Fcloudplatformprojects.readonly%20https%3A%2F%2Fwww.googleapis.com%2Fauth%2Ffirebase%20https%3A%2F%2Fwww.googleapis.com%2Fauth%2Fcloud-platform&response_type=code&state=99744409&redirect_uri=http%3A%2F%2Flocalhost%3A9005
[info] 
[info] Waiting for authentication...
[debug] [2020-06-11T10:31:30.550Z] Error: spawn cmd ENOENT
    at Process.ChildProcess._handle.onexit (internal/child_process.js:268:19)
    at onErrorNT (internal/child_process.js:468:16)
    at processTicksAndRejections (internal/process/task_queues.js:84:21)
[error] 
[error] Error: An unexpected error has occurred.
